(0, 0, 2, 6)
(2, 2, 4, 4)
(-2, 2, 4, 4)
generated 3 different rowsums
results/pairs/ws/find_10/rowsum_0_0_2_6
The function took: 0.0007658 seconds to generate sequences with rowsums: 6, 2, 0, 0
The function took: 0.0026031 seconds to go through the two sets of pairs

results/pairs/ws/find_10/rowsum_2_2_4_4
The function took: 0.0004905 seconds to generate sequences with rowsums: 4, 4, 2, 2
The function took: 0.0012295 seconds to go through the two sets of pairs

results/pairs/ws/find_10/rowsum_-2_2_4_4
The function took: 0.0004625 seconds to generate sequences with rowsums: 4, 4, 2, -2
The function took: 0.0012583 seconds to go through the two sets of pairs

Creating the sequences took 0 seconds. 
 

results/pairs/ws/find_10/rowsum_-2_2_4_4/pair_WY.pair
results/pairs/ws/find_10/rowsum_-2_2_4_4/pair_ZX.pair
results/pairs/ws/find_10/rowsum_0_0_2_6/pair_WX.pair
results/pairs/ws/find_10/rowsum_0_0_2_6/pair_ZY.pair
results/pairs/ws/find_10/rowsum_2_2_4_4/pair_WX.pair
results/pairs/ws/find_10/rowsum_2_2_4_4/pair_ZY.pair
Sorting the files took 0 seconds. 
 

./results/pairs/ws/find_10
Folder rowsum_0_0_2_6 : sequences have order (Z, Y, W, X)
Folder rowsum_2_2_4_4 : sequences have order (Z, Y, W, X)
Folder rowsum_-2_2_4_4 : sequences have order (Z, X, W, Y)

count before equivalences 203
The function found a total of 7680 sequences without any equivalences
count after equivalences 2
Matching the sequences took 1 seconds. 
 

Total execution time was 1 seconds.
