Generating rowsum decompositions ...
(1, 3, 3, 7)
(3, 3, 5, 5)
Generated 2 different rowsums

Generating .pair files for rowsums (1, 3, 3, 7) ...
Found 24310 sequences with rowsum 1
Found 19448 sequences with rowsum 3
Found 19448 sequences with rowsum 3
Found 6188 sequences with rowsum 7
Generating all sequences with rowsums (1, 3, 3, 7) took 0.21 seconds
Generating .pair files for both pairs took 1285.92 seconds

Generating .pair files for rowsums (3, 3, 5, 5) ...
Found 19448 sequences with rowsum 3
Found 19448 sequences with rowsum 3
Found 12376 sequences with rowsum 5
Found 12376 sequences with rowsum 5
Generating all sequences with rowsums (3, 3, 5, 5) took 0.12 seconds
Generating .pair files for both pairs took 1081.69 seconds

Total time to generate .pair files: 2367.99 seconds

Sorting file results/pairs/qts/find_17/rowsum_1_3_3_7/pair_WZ.pair ...
Sorting file results/pairs/qts/find_17/rowsum_1_3_3_7/pair_XY.pair ...
Sorting file results/pairs/qts/find_17/rowsum_3_3_5_5/pair_WZ.pair ...
Sorting file results/pairs/qts/find_17/rowsum_3_3_5_5/pair_XY.pair ...
Total time to sort: 440.73 seconds.

Matching files in /rowsum_1_3_3_7 ...
Matches found in "pair_WZ.pair.sorted" and "pair_XY.pair.sorted": 7560

Matching files in /rowsum_3_3_5_5 ...
Matches found in "pair_XY.pair.sorted" and "pair_WZ.pair.sorted": 5184

Matching took: 201.22 seconds.

Found 749 qts after matching
Reducing sequences up to equivalence ...
Found 5 qts after reducing to equivalence
Reducing to equivalence took 0.56 seconds.

Converting sequences found in results/pairs/qts/find_17/ns_canonical.seq to Hadamard matrices up to Hadamard equivalence ...
Reducing matrices to equivalence via graph isomorphism...
Number of matrices up to equivalence : 5
Converting to matrices up to Hadamard equivalence took 312.85 seconds
5 matrices were found after converting up to Hadamard equivalence.
Total execution time was 3339.08 seconds.
