Generating rowsum decompositions ...
(1, 1, 3, 7)
(1, 3, 5, 5)
Generated 2 different rowsums

Generating .pair files for rowsums (1, 1, 3, 7) ...
Found 6435 sequences with rowsum 1
Found 6435 sequences with rowsum 1
Found 5005 sequences with rowsum 3
Found 1365 sequences with rowsum 7
Generating all sequences with rowsums (1, 1, 3, 7) took 0.12 seconds
Generating .pair files for both pairs took 42.19 seconds

Generating .pair files for rowsums (1, 3, 5, 5) ...
Found 6435 sequences with rowsum 1
Found 5005 sequences with rowsum 3
Found 3003 sequences with rowsum 5
Found 3003 sequences with rowsum 5
Generating all sequences with rowsums (1, 3, 5, 5) took 0.46 seconds
Generating .pair files for both pairs took 36.67 seconds

Total time to generate .pair files: 79.45 seconds

Sorting file results/pairs/qts/find_15/rowsum_1_1_3_7/pair_WZ.pair ...
Sorting file results/pairs/qts/find_15/rowsum_1_1_3_7/pair_XY.pair ...
Sorting file results/pairs/qts/find_15/rowsum_1_3_5_5/pair_WZ.pair ...
Sorting file results/pairs/qts/find_15/rowsum_1_3_5_5/pair_XY.pair ...
Total time to sort: 32.29 seconds.

Matching files in /rowsum_1_1_3_7 ...
Matches found in "pair_WZ.pair.sorted" and "pair_XY.pair.sorted": 8964

Matching files in /rowsum_1_3_5_5 ...
Matches found in "pair_XY.pair.sorted" and "pair_WZ.pair.sorted": 4896

Matching took: 16.57 seconds.

Found 408 qts after matching
Reducing sequences up to equivalence ...
Found 7 qts after reducing to equivalence
Reducing to equivalence took 0.16 seconds.

Converting sequences found in results/pairs/qts/find_15/ns_canonical.seq to Hadamard matrices up to Hadamard equivalence ...
Reducing matrices to equivalence via graph isomorphism...
Number of matrices up to equivalence : 7
Converting to matrices up to Hadamard equivalence took 22.19 seconds
7 matrices were found after converting up to Hadamard equivalence.
Total execution time was 151.71 seconds.
