(0, 4, 4, 4)
(2, 2, 2, 6)
(-2, 2, 2, 6)
generated 3 different rowsums
results/pairs/ws/find_12/rowsum_0_4_4_4
The function took: 0.008921 seconds to generate sequences with rowsums: 4, 4, 4, 0
The function took: 6.18284 seconds to go through the two sets of pairs

results/pairs/ws/find_12/rowsum_2_2_2_6
The function took: 0.0072172 seconds to generate sequences with rowsums: 6, 2, 2, 2
The function took: 5.5957155 seconds to go through the two sets of pairs

results/pairs/ws/find_12/rowsum_-2_2_2_6
The function took: 0.0081903 seconds to generate sequences with rowsums: 6, 2, 2, -2
The function took: 5.811556 seconds to go through the two sets of pairs

Creating the sequences took 18 seconds. 
 

results/pairs/ws/find_12/rowsum_-2_2_2_6/pair_WX.pair
results/pairs/ws/find_12/rowsum_-2_2_2_6/pair_YZ.pair
results/pairs/ws/find_12/rowsum_0_4_4_4/pair_YX.pair
results/pairs/ws/find_12/rowsum_0_4_4_4/pair_ZW.pair
results/pairs/ws/find_12/rowsum_2_2_2_6/pair_WX.pair
results/pairs/ws/find_12/rowsum_2_2_2_6/pair_YZ.pair
Sorting the files took 1 seconds. 
 

./results/pairs/ws/find_12
Folder rowsum_2_2_2_6 : sequences have order (W, X, Y, Z)
Folder rowsum_0_4_4_4 : sequences have order (Z, W, Y, X)
Folder rowsum_-2_2_2_6 : sequences have order (W, X, Y, Z)

count before equivalences 552
The function found a total of 16384 sequences without any equivalences
count after equivalences 3
Matching the sequences took 299 seconds. 
 

Total execution time was 318 seconds.
