Generating rowsum decompositions ...
(1, 1, 1, 5)
(1, 3, 3, 3)
Generated 2 different rowsums

Generating .pair files for rowsums (1, 1, 1, 5) ...
Found 35 sequences with rowsum 1
Found 35 sequences with rowsum 1
Found 35 sequences with rowsum 1
Found 7 sequences with rowsum 5
Generating all sequences with rowsums (1, 1, 1, 5) took 0.06 seconds
Generating .pair files for both pairs took 0.02 seconds

Generating .pair files for rowsums (1, 3, 3, 3) ...
Found 35 sequences with rowsum 1
Found 21 sequences with rowsum 3
Found 21 sequences with rowsum 3
Found 21 sequences with rowsum 3
Generating all sequences with rowsums (1, 3, 3, 3) took 0.06 seconds
Generating .pair files for both pairs took 0.00 seconds

Total time to generate .pair files: 0.15 seconds

Sorting file results/pairs/qts/find_7/rowsum_1_1_1_5/pair_WZ.pair ...
Sorting file results/pairs/qts/find_7/rowsum_1_1_1_5/pair_XY.pair ...
Sorting file results/pairs/qts/find_7/rowsum_1_3_3_3/pair_WZ.pair ...
Sorting file results/pairs/qts/find_7/rowsum_1_3_3_3/pair_XY.pair ...
Total time to sort: 0.23 seconds.

Matching files in /rowsum_1_1_1_5 ...
Matches found in "pair_WZ.pair.sorted" and "pair_XY.pair.sorted": 352

Matching files in /rowsum_1_3_3_3 ...
Matches found in "pair_WZ.pair.sorted" and "pair_XY.pair.sorted": 544

Matching took: 0.01 seconds.

Found 127 qts after matching
Reducing sequences up to equivalence ...
Found 3 qts after reducing to equivalence
Reducing to equivalence took 0.03 seconds.

Converting sequences found in results/pairs/qts/find_7/ns_canonical.seq to Hadamard matrices up to Hadamard equivalence ...
Reducing matrices to equivalence via graph isomorphism...
Number of matrices up to equivalence : 3
Converting to matrices up to Hadamard equivalence took 0.05 seconds
3 matrices were found after converting up to Hadamard equivalence.
Total execution time was 0.52 seconds.
