(1, 1, 1, 3)
(-1, 1, 1, 3)
generated 2 different rowsums
results/pairs/ws/find_3/rowsum_1_1_1_3
The function took: 0.000207 seconds to generate sequences with rowsums: 3, 1, 1, 1
The function took: 0.0004517 seconds to go through the two sets of pairs

results/pairs/ws/find_3/rowsum_-1_1_1_3
The function took: 0.0006032 seconds to generate sequences with rowsums: 3, 1, 1, -1
The function took: 0.0001328 seconds to go through the two sets of pairs

Creating the sequences took 0 seconds. 
 

results/pairs/ws/find_3/rowsum_-1_1_1_3/pair_WX.pair
results/pairs/ws/find_3/rowsum_-1_1_1_3/pair_YZ.pair
results/pairs/ws/find_3/rowsum_1_1_1_3/pair_WX.pair
results/pairs/ws/find_3/rowsum_1_1_1_3/pair_YZ.pair
Sorting the files took 0 seconds. 
 

./results/pairs/ws/find_3
Folder rowsum_1_1_1_3 : sequences have order (W, X, Y, Z)
Folder rowsum_-1_1_1_3 : sequences have order (W, X, Y, Z)

count before equivalences 2
The function found a total of 64 sequences without any equivalences
count after equivalences 1
Matching the sequences took 0 seconds. 
 

Total execution time was 0 seconds.
