Generating rowsum decompositions ...
(1, 1, 3, 5)
(3, 3, 3, 3)
Generated 2 different rowsums

Generating .pair files for rowsums (1, 1, 3, 5) ...
Found 126 sequences with rowsum 1
Found 126 sequences with rowsum 1
Found 84 sequences with rowsum 3
Found 36 sequences with rowsum 5
Generating all sequences with rowsums (1, 1, 3, 5) took 0.05 seconds
Generating .pair files for both pairs took 0.03 seconds

Generating .pair files for rowsums (3, 3, 3, 3) ...
Found 84 sequences with rowsum 3
Found 84 sequences with rowsum 3
Found 84 sequences with rowsum 3
Found 84 sequences with rowsum 3
Generating all sequences with rowsums (3, 3, 3, 3) took 0.05 seconds
Generating .pair files for both pairs took 0.05 seconds

Total time to generate .pair files: 0.18 seconds

Sorting file results/pairs/qts/find_9/rowsum_1_1_3_5/pair_WZ.pair ...
Sorting file results/pairs/qts/find_9/rowsum_1_1_3_5/pair_XY.pair ...
Sorting file results/pairs/qts/find_9/rowsum_3_3_3_3/pair_WZ.pair ...
Sorting file results/pairs/qts/find_9/rowsum_3_3_3_3/pair_XY.pair ...
Total time to sort: 0.45 seconds.

Matching files in /rowsum_1_1_3_5 ...
Matches found in "pair_XY.pair.sorted" and "pair_WZ.pair.sorted": 870

Matching files in /rowsum_3_3_3_3 ...
Matches found in "pair_WZ.pair.sorted" and "pair_XY.pair.sorted": 6270

Matching took: 0.02 seconds.

Found 793 qts after matching
Reducing sequences up to equivalence ...
Found 7 qts after reducing to equivalence
Reducing to equivalence took 0.02 seconds.

Converting sequences found in results/pairs/qts/find_9/ns_canonical.seq to Hadamard matrices up to Hadamard equivalence ...
Reducing matrices to equivalence via graph isomorphism...
Number of matrices up to equivalence : 7
Converting to matrices up to Hadamard equivalence took 1.14 seconds
7 matrices were found after converting up to Hadamard equivalence.
Total execution time was 1.87 seconds.
