    Finished dev [unoptimized + debuginfo] target(s) in 0.20s
     Running `target\debug\rust.exe matching 1`
(1, 1, 1, 1)
(-1, 1, 1, 1)
generated 2 different rowsums


The function took: 0.0000087 seconds to generate sequences with rowsums: 1, 1, 1, 1
memory usage after matching table creation:
physical memory usage: 6725632 bytes
virtual memory usage: 1150976 bytes 
The function took: 0.0010667 seconds to create the matching table
The function took: 0.0000182 seconds to go through the other set of pairs


The function took: 0.000004 seconds to generate sequences with rowsums: 1, 1, 1, -1
memory usage after matching table creation:
physical memory usage: 6729728 bytes
virtual memory usage: 1150976 bytes 
The function took: 0.0000823 seconds to create the matching table
The function took: 0.0000135 seconds to go through the other set of pairs
The function found 0 sequences before equivalences in 0.0023328 seconds
The function found a total of 0 sequences without any equivalences
For n = 1, the function took: 0.0023866 seconds and found 0 sequences
