    Finished dev [unoptimized + debuginfo] target(s) in 0.16s
     Running `target\debug\rust.exe matching 11`
(1, 3, 3, 5)
(-1, 3, 3, 5)
generated 2 different rowsums


The function took: 0.000575 seconds to generate sequences with rowsums: 5, 3, 3, 1
memory usage after matching table creation:
physical memory usage: 16494592 bytes
virtual memory usage: 11091968 bytes 
The function took: 3.9401646 seconds to create the matching table
The function took: 1.5943232 seconds to go through the other set of pairs


The function took: 0.00057 seconds to generate sequences with rowsums: 5, 3, 3, -1
memory usage after matching table creation:
physical memory usage: 16584704 bytes
virtual memory usage: 11210752 bytes 
The function took: 3.9232478 seconds to create the matching table
The function took: 1.4342667 seconds to go through the other set of pairs
The function found 200 sequences before equivalences in 10.9068775 seconds
The function found a total of 21120 sequences without any equivalences
For n = 11, the function took: 25.583628 seconds and found 4 sequences
