    Finished dev [unoptimized + debuginfo] target(s) in 0.18s
     Running `target\debug\rust.exe matching 12`
(0, 4, 4, 4)
(2, 2, 2, 6)
(-2, 2, 2, 6)
generated 3 different rowsums


The function took: 0.0011232 seconds to generate sequences with rowsums: 4, 4, 4, 0
memory usage after matching table creation:
physical memory usage: 25509888 bytes
virtual memory usage: 20275200 bytes 
The function took: 12.759452 seconds to create the matching table
The function took: 10.771153 seconds to go through the other set of pairs


The function took: 0.0012764 seconds to generate sequences with rowsums: 6, 2, 2, 2
memory usage after matching table creation:
physical memory usage: 34566144 bytes
virtual memory usage: 29392896 bytes 
The function took: 18.666563 seconds to create the matching table
The function took: 9.875845 seconds to go through the other set of pairs


The function took: 0.0012961 seconds to generate sequences with rowsums: 6, 2, 2, -2
memory usage after matching table creation:
physical memory usage: 33374208 bytes
virtual memory usage: 28577792 bytes 
The function took: 17.67254 seconds to create the matching table
The function took: 9.333296 seconds to go through the other set of pairs
The function found 4552 sequences before equivalences in 79.11104 seconds
The function found a total of 147456 sequences without any equivalences
For n = 12, the function took: 168.3048 seconds and found 64 sequences
