    Finished dev [unoptimized + debuginfo] target(s) in 0.16s
     Running `target\debug\rust.exe matching 13`
(1, 1, 1, 7)
(-1, 1, 1, 7)
(1, 1, 5, 5)
(-1, 1, 5, 5)
(3, 3, 3, 5)
(-3, 3, 3, 5)
generated 6 different rowsums


The function took: 0.0024228 seconds to generate sequences with rowsums: 7, 1, 1, 1
memory usage after matching table creation:
physical memory usage: 117993472 bytes
virtual memory usage: 115662848 bytes 
The function took: 88.27031 seconds to create the matching table
The function took: 16.325523 seconds to go through the other set of pairs


The function took: 0.0028133 seconds to generate sequences with rowsums: 7, 1, 1, -1
memory usage after matching table creation:
physical memory usage: 117948416 bytes
virtual memory usage: 114688000 bytes 
The function took: 90.73127 seconds to create the matching table
The function took: 16.110252 seconds to go through the other set of pairs


The function took: 0.0020033 seconds to generate sequences with rowsums: 5, 5, 1, 1
memory usage after matching table creation:
physical memory usage: 118370304 bytes
virtual memory usage: 116310016 bytes 
The function took: 83.18505 seconds to create the matching table
The function took: 15.653805 seconds to go through the other set of pairs


The function took: 0.0022184 seconds to generate sequences with rowsums: 5, 5, 1, -1
memory usage after matching table creation:
physical memory usage: 119431168 bytes
virtual memory usage: 117870592 bytes 
The function took: 85.26051 seconds to create the matching table
The function took: 16.331276 seconds to go through the other set of pairs


The function took: 0.0024155 seconds to generate sequences with rowsums: 5, 3, 3, 3
memory usage after matching table creation:
physical memory usage: 76570624 bytes
virtual memory usage: 72663040 bytes 
The function took: 51.385345 seconds to create the matching table
The function took: 28.196867 seconds to go through the other set of pairs


The function took: 0.0021103 seconds to generate sequences with rowsums: 5, 3, 3, -3
memory usage after matching table creation:
physical memory usage: 78692352 bytes
virtual memory usage: 74588160 bytes 
The function took: 48.66906 seconds to create the matching table
The function took: 27.071316 seconds to go through the other set of pairs
The function found 1872 sequences before equivalences in 567.5018 seconds
The function found a total of 67392 sequences without any equivalences
For n = 13, the function took: 612.49097 seconds and found 12 sequences
