    Finished dev [unoptimized + debuginfo] target(s) in 0.15s
     Running `target\debug\rust.exe matching 14`
(0, 2, 4, 6)
(0, 2, 6, 4)
generated 2 different rowsums


The function took: 0.0038838 seconds to generate sequences with rowsums: 6, 4, 2, 0
memory usage after matching table creation:
physical memory usage: 359419904 bytes
virtual memory usage: 362106880 bytes 
The function took: 326.8648 seconds to create the matching table
The function took: 65.15633 seconds to go through the other set of pairs


The function took: 0.0039168 seconds to generate sequences with rowsums: 6, 4, 2, 0
memory usage after matching table creation:
physical memory usage: 363810816 bytes
virtual memory usage: 369094656 bytes 
The function took: 325.7236 seconds to create the matching table
The function took: 67.29952 seconds to go through the other set of pairs
The function found 6276 sequences before equivalences in 785.40845 seconds
The function found a total of 612864 sequences without any equivalences
For n = 14, the function took: 1152.1072 seconds and found 96 sequences
