    Finished dev [unoptimized + debuginfo] target(s) in 0.16s
     Running `target\debug\rust.exe matching 3`
(1, 1, 1, 3)
(-1, 1, 1, 3)
generated 2 different rowsums


The function took: 0.0000112 seconds to generate sequences with rowsums: 3, 1, 1, 1
memory usage after matching table creation:
physical memory usage: 6696960 bytes
virtual memory usage: 1138688 bytes 
The function took: 0.0007711 seconds to create the matching table
The function took: 0.0000469 seconds to go through the other set of pairs


The function took: 0.0000068 seconds to generate sequences with rowsums: 3, 1, 1, -1
memory usage after matching table creation:
physical memory usage: 6705152 bytes
virtual memory usage: 1138688 bytes 
The function took: 0.0001253 seconds to create the matching table
The function took: 0.0000432 seconds to go through the other set of pairs
The function found 4 sequences before equivalences in 0.0017394 seconds
The function found a total of 192 sequences without any equivalences
For n = 3, the function took: 0.0896457 seconds and found 2 sequences
