   Compiling rust v0.1.0 (C:\Users\paulc\Documents\recherche\Mitacs\quaternion-sequences\rust)
    Finished dev [unoptimized + debuginfo] target(s) in 1.13s
     Running `target\debug\rust.exe matching 7`
(1, 1, 1, 5)
(-1, 1, 1, 5)
(1, 3, 3, 3)
(-1, 3, 3, 3)
generated 4 different rowsums


The function took: 0.0000907 seconds to generate sequences with rowsums: 5, 1, 1, 1
memory usage after matching table creation:
physical memory usage: 6774784 bytes
virtual memory usage: 1208320 bytes 
The function took: 0.020626 seconds to create the matching table
The function took: 0.0054019 seconds to go through the other set of pairs


The function took: 0.000122 seconds to generate sequences with rowsums: 5, 1, 1, -1
memory usage after matching table creation:
physical memory usage: 6823936 bytes
virtual memory usage: 1249280 bytes 
The function took: 0.0199812 seconds to create the matching table
The function took: 0.0049867 seconds to go through the other set of pairs


The function took: 0.0000584 seconds to generate sequences with rowsums: 3, 3, 3, 1
memory usage after matching table creation:
physical memory usage: 6819840 bytes
virtual memory usage: 1265664 bytes 
The function took: 0.0117965 seconds to create the matching table
The function took: 0.0102415 seconds to go through the other set of pairs


The function took: 0.0000706 seconds to generate sequences with rowsums: 3, 3, 3, -1
memory usage after matching table creation:
physical memory usage: 6832128 bytes
virtual memory usage: 1294336 bytes 
The function took: 0.0112856 seconds to create the matching table
The function took: 0.0104068 seconds to go through the other set of pairs
The function found 186 sequences before equivalences in 0.0969489 seconds
The function found a total of 6720 sequences without any equivalences
For n = 7, the function took: 4.051431 seconds and found 6 sequences
