    Finished dev [unoptimized + debuginfo] target(s) in 0.16s
     Running `target\debug\rust.exe matching 9`
(1, 1, 3, 5)
(-1, 1, 3, 5)
(3, 3, 3, 3)
(-3, 3, 3, 3)
generated 4 different rowsums


The function took: 0.0001722 seconds to generate sequences with rowsums: 5, 3, 1, 1
memory usage after matching table creation:
physical memory usage: 7819264 bytes
virtual memory usage: 2244608 bytes 
The function took: 0.29577512 seconds to create the matching table
The function took: 0.073364705 seconds to go through the other set of pairs


The function took: 0.0001851 seconds to generate sequences with rowsums: 5, 3, 1, -1
memory usage after matching table creation:
physical memory usage: 7901184 bytes
virtual memory usage: 2310144 bytes 
The function took: 0.2983325 seconds to create the matching table
The function took: 0.073336 seconds to go through the other set of pairs


The function took: 0.0001743 seconds to generate sequences with rowsums: 3, 3, 3, 3
memory usage after matching table creation:
physical memory usage: 7249920 bytes
virtual memory usage: 1785856 bytes 
The function took: 0.13041 seconds to create the matching table
The function took: 0.21577501 seconds to go through the other set of pairs


The function took: 0.0001522 seconds to generate sequences with rowsums: 3, 3, 3, -3
memory usage after matching table creation:
physical memory usage: 7393280 bytes
virtual memory usage: 2015232 bytes 
The function took: 0.13070449 seconds to create the matching table
The function took: 0.21743901 seconds to go through the other set of pairs
The function found 1398 sequences before equivalences in 1.4381323 seconds
The function found a total of 25920 sequences without any equivalences
For n = 9, the function took: 17.546366 seconds and found 14 sequences
