Generating rowsum decompositions for length 15 ...
(1, 1, 3, 7)
(1, 3, 5, 5)
Generated 2 different rowsums

Generating .pair files for rowsums (1, 1, 3, 7) ...
Found 6435 sequences with rowsum 1
Found 6435 sequences with rowsum 1
Found 5005 sequences with rowsum 3
Found 1365 sequences with rowsum 7
Generating all sequences with rowsums (1, 1, 3, 7) took 0.03 seconds
Generated 3372 pairs for pairing WZ
Generated 3960 pairs for pairing XY
Generating .pair files for both pairs took 11.85 seconds

Generating .pair files for rowsums (1, 3, 5, 5) ...
Found 6435 sequences with rowsum 1
Found 5005 sequences with rowsum 3
Found 3003 sequences with rowsum 5
Found 3003 sequences with rowsum 5
Generating all sequences with rowsums (1, 3, 5, 5) took 0.04 seconds
Generated 3180 pairs for pairing WZ
Generated 5220 pairs for pairing XY
Generating .pair files for both pairs took 10.57 seconds

Generated 15732 total pairs
Total time to generate .pair files: 22.50 seconds

Sorting file results/pairs/wts/find_15/rowsum_1_1_3_7/pair_WZ.pair ...
Sorting file results/pairs/wts/find_15/rowsum_1_1_3_7/pair_XY.pair ...
Sorting file results/pairs/wts/find_15/rowsum_1_3_5_5/pair_WZ.pair ...
Sorting file results/pairs/wts/find_15/rowsum_1_3_5_5/pair_XY.pair ...
Total time to sort: 0.08 seconds.

Matching files in /rowsum_1_1_3_7 ...
Matches found in "pair_WZ.pair.sorted" and "pair_XY.pair.sorted": 8100

Matching files in /rowsum_1_3_5_5 ...
Matches found in "pair_WZ.pair.sorted" and "pair_XY.pair.sorted": 4500

Matching took: 0.03 seconds.

Found 360 wts after matching
Filtered with the SN (single negate) and SS (single swap) operations; now filtering 210 sequences up to Williamson-type equivalence ...
Found 4 wts after reducing to equivalence
Reducing to equivalence took 0.04 seconds.

In order to generate all Williamson-type sequences up to Hadamard equivalence, we now generate a complete list up to QT equivalence ...
Found 7 qts after reducing to equivalence
Reducing to equivalence took 0.00 seconds.

Converting sequences found in results/pairs/wts/find_15/result-qts.seq to Hadamard matrices up to Hadamard equivalence ...
Reducing matrices to equivalence via graph isomorphism...
Number of matrices up to equivalence : 7
Converting to matrices up to Hadamard equivalence took 0.30 seconds
7 matrices were found after converting up to Hadamard equivalence.
Converting PQS to QHM ...
./results/pairs/wts/find_15/result.seq
converted 4 sequences of size 15. 4 contained non-commuting elements.
Converting to PQS to QHM took 0.01 seconds

Total execution time was 23.00 seconds.
