results/pairs/wts/find_19/rowsum_1_1_5_7
results/pairs/wts/find_19/rowsum_3_3_3_7
results/pairs/wts/find_19/rowsum_-3_3_3_7
results/pairs/wts/find_19/rowsum_-1_1_5_7
results/pairs/wts/find_19/rowsum_1_5_5_5
results/pairs/wts/find_19/rowsum_-1_5_5_5
Creating the sequences took 137253 seconds.
Creating the sequences took 137296 seconds.
Creating the sequences took 138263 seconds.
Creating the sequences took 139394 seconds.


Creating the sequences took 171243 seconds.
Creating the sequences took 172016 seconds.

Sorting the file "pair_WZ.pair" took 779 seconds. 


Sorting the file "pair_WZ.pair" took 905 seconds. 


Sorting the file "pair_WY.pair" took 1334 seconds. 


Sorting the file "pair_WY.pair" took 1558 seconds. 


Sorting the file "pair_YZ.pair" took 1627 seconds. 


Sorting the file "pair_YZ.pair" took 1872 seconds. 


Sorting the file "pair_WX.pair" took 2700 seconds. 


Sorting the file "pair_WX.pair" took 2695 seconds. 


Sorting the file "pair_ZX.pair" took 2717 seconds. 


Sorting the file "pair_ZX.pair" took 2782 seconds. 


Sorting the file "pair_YX.pair" took 3360 seconds. 


Sorting the file "pair_YX.pair" took 3813 seconds. 


./results/pairs/wts/find_19
Folder rowsum_3_3_3_7 : sequences have order (W, Y, Z, X)
Folder rowsum_-1_1_5_7 : sequences have order (W, Z, Y, X)
Folder rowsum_-1_5_5_5 : sequences have order (Y, Z, W, X)
Folder rowsum_-3_3_3_7 : sequences have order (W, Y, Z, X)
Folder rowsum_1_5_5_5 : sequences have order (W, X, Y, Z)
Folder rowsum_1_1_5_7 : sequences have order (Y, X, W, Z)

count before equivalences 5540
The function found a total of 273600 sequences without any equivalences
count after equivalences 22
Joining the files together took 11021 seconds. 


