(1, 1, 1, 1)
(-1, 1, 1, 1)
generated 2 different rowsums
results/pairs/qts/find_1/rowsum_1_1_1_1
The function took: 0.000741 seconds to generate sequences with rowsums: 1, 1, 1, 1
The function took: 0.000678 seconds to go through the two sets of pairs

results/pairs/qts/find_1/rowsum_-1_1_1_1
The function took: 0.0002637 seconds to generate sequences with rowsums: 1, 1, 1, -1
The function took: 0.000111 seconds to go through the two sets of pairs

Creating the sequences took 0 seconds. 
 

results/pairs/qts/find_1/rowsum_-1_1_1_1/pair_YX.pair
results/pairs/qts/find_1/rowsum_-1_1_1_1/pair_ZW.pair
results/pairs/qts/find_1/rowsum_1_1_1_1/pair_XW.pair
results/pairs/qts/find_1/rowsum_1_1_1_1/pair_YZ.pair
Sorting the files took 0 seconds. 
 

./results/pairs/qts/find_1
Folder rowsum_1_1_1_1 : sequences have order (X, W, Y, Z)
Folder rowsum_-1_1_1_1 : sequences have order (Z, W, Y, X)

count before equivalences 2
The function found a total of 16 sequences without any equivalences
count after equivalences 2
Matching the sequences took 0 seconds. 
 

Total execution time was 0 seconds.
