Generating rowsum decompositions for length 1 ...
(1, 1, 1, 1)
Generated 1 different rowsums

Generating .pair files for rowsums (1, 1, 1, 1) ...
Found 1 sequences with rowsum 1
Found 1 sequences with rowsum 1
Found 1 sequences with rowsum 1
Found 1 sequences with rowsum 1
Generating all sequences with rowsums (1, 1, 1, 1) took 0.06 seconds
Generated 1 pairs for pairing WZ
Generated 1 pairs for pairing XY
Generating .pair files for both pairs took 0.03 seconds

Generated 2 total pairs
Total time to generate .pair files: 0.10 seconds

Sorting file results/pairs/wts/find_1/rowsum_1_1_1_1/pair_WZ.pair ...
Sorting file results/pairs/wts/find_1/rowsum_1_1_1_1/pair_XY.pair ...
Total time to sort: 0.03 seconds.

Matching files in /rowsum_1_1_1_1 ...
Matches found in "pair_WZ.pair.sorted" and "pair_XY.pair.sorted": 1

Matching took: 0.00 seconds.

Found 1 wts after matching
Filtered with the SN (single negate) and SS (single swap) operations; now filtering 1 sequences up to Williamson-type equivalence ...
Found 1 wts after reducing to equivalence
Reducing to equivalence took 0.00 seconds.

In order to generate all Williamson-type sequences up to Hadamard equivalence, we now generate a complete list up to QT equivalence ...
Found 1 qts after reducing to equivalence
Reducing to equivalence took 0.00 seconds.

Converting sequences found in results/pairs/wts/find_1/result-qts.seq to Hadamard matrices up to Hadamard equivalence ...
Reducing matrices to equivalence via graph isomorphism...
Number of matrices up to equivalence : 1
Converting to matrices up to Hadamard equivalence took 0.01 seconds
1 matrices were found after converting up to Hadamard equivalence.
Converting PQS to QHM ...
./results/pairs/wts/find_1/result.seq
converted 1 sequences of size 1. 0 contained non-commuting elements.
Converting to PQS to QHM took 0.00 seconds

Total execution time was 0.18 seconds.
