(1, 1, 1, 9)
(-1, 1, 1, 9)
(1, 3, 5, 7)
(-1, 3, 5, 7)
(1, 3, 7, 5)
(-1, 3, 7, 5)
(3, 5, 5, 5)
(-3, 5, 5, 5)
generated 8 different rowsums
results/pairs/ws/find_21/rowsum_1_1_1_9
The function took: 0.2706577 seconds to generate sequences with rowsums: 9, 1, 1, 1
The function took: 2.9610643 seconds to go through the two sets of pairs

results/pairs/ws/find_21/rowsum_-1_1_1_9
The function took: 0.2203356 seconds to generate sequences with rowsums: 9, 1, 1, -1
The function took: 2.7514768 seconds to go through the two sets of pairs

results/pairs/ws/find_21/rowsum_1_3_5_7
The function took: 0.1851995 seconds to generate sequences with rowsums: 7, 5, 3, 1
The function took: 2.193953 seconds to go through the two sets of pairs

results/pairs/ws/find_21/rowsum_-1_3_5_7
The function took: 0.1998887 seconds to generate sequences with rowsums: 7, 5, 3, -1
The function took: 2.4229622 seconds to go through the two sets of pairs

results/pairs/ws/find_21/rowsum_1_3_7_5
The function took: 0.1893925 seconds to generate sequences with rowsums: 7, 5, 3, 1
The function took: 2.1874824 seconds to go through the two sets of pairs

results/pairs/ws/find_21/rowsum_-1_3_7_5
The function took: 0.1900189 seconds to generate sequences with rowsums: 7, 5, 3, -1
The function took: 2.3049803 seconds to go through the two sets of pairs

results/pairs/ws/find_21/rowsum_3_5_5_5
The function took: 0.18671972 seconds to generate sequences with rowsums: 5, 5, 5, 3
The function took: 3.1319723 seconds to go through the two sets of pairs

results/pairs/ws/find_21/rowsum_-3_5_5_5
The function took: 0.1816916 seconds to generate sequences with rowsums: 5, 5, 5, -3
The function took: 2.7349563 seconds to go through the two sets of pairs

Creating the sequences took 22 seconds. 
 

results/pairs/ws/find_21/rowsum_-1_1_1_9/pair_WX.pair
results/pairs/ws/find_21/rowsum_-1_1_1_9/pair_YZ.pair
results/pairs/ws/find_21/rowsum_-1_3_5_7/pair_WX.pair
results/pairs/ws/find_21/rowsum_-1_3_5_7/pair_ZY.pair
results/pairs/ws/find_21/rowsum_-1_3_7_5/pair_WY.pair
results/pairs/ws/find_21/rowsum_-1_3_7_5/pair_ZX.pair
results/pairs/ws/find_21/rowsum_-3_5_5_5/pair_YX.pair
results/pairs/ws/find_21/rowsum_-3_5_5_5/pair_ZW.pair
results/pairs/ws/find_21/rowsum_1_1_1_9/pair_WX.pair
results/pairs/ws/find_21/rowsum_1_1_1_9/pair_YZ.pair
results/pairs/ws/find_21/rowsum_1_3_5_7/pair_WX.pair
results/pairs/ws/find_21/rowsum_1_3_5_7/pair_ZY.pair
results/pairs/ws/find_21/rowsum_1_3_7_5/pair_WY.pair
results/pairs/ws/find_21/rowsum_1_3_7_5/pair_ZX.pair
results/pairs/ws/find_21/rowsum_3_5_5_5/pair_YX.pair
results/pairs/ws/find_21/rowsum_3_5_5_5/pair_ZW.pair
Sorting the files took 0 seconds. 
 

./results/pairs/ws/find_21
Folder rowsum_1_3_5_7 : sequences have order (Z, Y, W, X)
Folder rowsum_3_5_5_5 : sequences have order (Z, W, Y, X)
Folder rowsum_-1_3_5_7 : sequences have order (Z, Y, W, X)
Folder rowsum_-3_5_5_5 : sequences have order (Z, W, Y, X)
Folder rowsum_-1_1_1_9 : sequences have order (W, X, Y, Z)
Folder rowsum_1_3_7_5 : sequences have order (Z, X, W, Y)
Folder rowsum_-1_3_7_5 : sequences have order (Z, X, W, Y)
Folder rowsum_1_1_1_9 : sequences have order (W, X, Y, Z)

count before equivalences 736
The function found a total of 11904 sequences without any equivalences
count after equivalences 7
Matching the sequences took 1 seconds. 
 

Total execution time was 23 seconds.
