Generating rowsum decompositions for length 21 ...
(1, 1, 1, 9)
(1, 3, 5, 7)
(3, 5, 5, 5)
Generated 3 different rowsums

Generating .pair files for rowsums (1, 1, 1, 9) ...
Found 352716 sequences with rowsum 1
Found 352716 sequences with rowsum 1
Found 352716 sequences with rowsum 1
Found 54264 sequences with rowsum 9
Generating all sequences with rowsums (1, 1, 1, 9) took 0.62 seconds
Generated 83706 pairs for pairing WZ
Generated 75894 pairs for pairing XY
Generating .pair files for both pairs took 56261.21 seconds

Generating .pair files for rowsums (1, 3, 5, 7) ...
Found 352716 sequences with rowsum 1
Found 293930 sequences with rowsum 3
Found 203490 sequences with rowsum 5
Found 116280 sequences with rowsum 7
Generating all sequences with rowsums (1, 3, 5, 7) took 0.66 seconds
Generated 93765 pairs for pairing WZ
Generated 88515 pairs for pairing XY
Generating .pair files for both pairs took 43266.58 seconds

Generating .pair files for rowsums (3, 5, 5, 5) ...
Found 293930 sequences with rowsum 3
Found 203490 sequences with rowsum 5
Found 203490 sequences with rowsum 5
Found 203490 sequences with rowsum 5
Generating all sequences with rowsums (3, 5, 5, 5) took 0.54 seconds
Generated 88515 pairs for pairing WZ
Generated 131124 pairs for pairing XY
Generating .pair files for both pairs took 41735.93 seconds

Generated 561519 total pairs
Total time to generate .pair files: 141265.77 seconds

Sorting file results/pairs/wts/find_21/rowsum_1_1_1_9/pair_WZ.pair ...
Sorting file results/pairs/wts/find_21/rowsum_1_1_1_9/pair_XY.pair ...
Sorting file results/pairs/wts/find_21/rowsum_1_3_5_7/pair_WZ.pair ...
Sorting file results/pairs/wts/find_21/rowsum_1_3_5_7/pair_XY.pair ...
Sorting file results/pairs/wts/find_21/rowsum_3_5_5_5/pair_WZ.pair ...
Sorting file results/pairs/wts/find_21/rowsum_3_5_5_5/pair_XY.pair ...
Total time to sort: 0.48 seconds.

Matching files in /rowsum_1_1_1_9 ...
Matches found in "pair_WZ.pair.sorted" and "pair_XY.pair.sorted": 26460

Matching files in /rowsum_1_3_5_7 ...
Matches found in "pair_WZ.pair.sorted" and "pair_XY.pair.sorted": 7938

Matching files in /rowsum_3_5_5_5 ...
Matches found in "pair_WZ.pair.sorted" and "pair_XY.pair.sorted": 39690

Matching took: 1.38 seconds.

Found 2016 wts after matching
Filtered with the SN (single negate) and SS (single swap) operations; now filtering 714 sequences up to Williamson-type equivalence ...
Found 7 wts after reducing to equivalence
Reducing to equivalence took 0.34 seconds.

In order to generate all Williamson-type sequences up to Hadamard equivalence, we now generate a complete list up to QT equivalence ...
Found 13 qts after reducing to equivalence
Reducing to equivalence took 0.01 seconds.

Converting sequences found in results/pairs/wts/find_21/result-qts.seq to Hadamard matrices up to Hadamard equivalence ...
Reducing matrices to equivalence via graph isomorphism...
Number of matrices up to equivalence : 13
Converting to matrices up to Hadamard equivalence took 7.83 seconds
13 matrices were found after converting up to Hadamard equivalence.
Converting PQS to QHM ...
./results/pairs/wts/find_21/result.seq
converted 7 sequences of size 21. 7 contained non-commuting elements.
Converting to PQS to QHM took 0.00 seconds

Total execution time was 141276.29 seconds.
