Generating rowsum decompositions ...
(0, 0, 2, 2)
Generated 1 different rowsums

Generating .pair files for rowsums (0, 0, 2, 2) ...
Found 2 sequences with rowsum 0
Found 2 sequences with rowsum 0
Found 1 sequences with rowsum 2
Found 1 sequences with rowsum 2
Generating all sequences with rowsums (0, 0, 2, 2) took 0.02 seconds
Generating .pair files for both pairs took 0.02 seconds

Total time to generate .pair files: 0.04 seconds

Sorting file results/pairs/qts/find_2/rowsum_0_0_2_2/pair_WZ.pair ...
Sorting file results/pairs/qts/find_2/rowsum_0_0_2_2/pair_XY.pair ...
Total time to sort: 0.16 seconds.

Matching files in /rowsum_0_0_2_2 ...
Matches found in "pair_WZ.pair.sorted" and "pair_XY.pair.sorted": 4

Matching took: 0.00 seconds.

Found 4 qts after matching
Reducing sequences up to equivalence ...
Found 1 qts after reducing to equivalence
Reducing to equivalence took 0.00 seconds.

Converting sequences found in results/pairs/qts/find_2/ns_canonical.seq to Hadamard matrices up to Hadamard equivalence ...
Reducing matrices to equivalence via graph isomorphism...
Number of matrices up to equivalence : 1
Converting to matrices up to Hadamard equivalence took 0.01 seconds
1 matrices were found after converting up to Hadamard equivalence.
Total execution time was 0.24 seconds.
