(0, 4, 6, 6)
(2, 2, 4, 8)
(-2, 2, 4, 8)
generated 3 different rowsums
results/pairs/ws/find_22/rowsum_0_4_6_6
The function took: 0.605887 seconds to generate sequences with rowsums: 6, 6, 4, 0
The function took: 8.013766 seconds to go through the two sets of pairs

results/pairs/ws/find_22/rowsum_2_2_4_8
The function took: 0.43400133 seconds to generate sequences with rowsums: 8, 4, 2, 2
The function took: 6.5095644 seconds to go through the two sets of pairs

results/pairs/ws/find_22/rowsum_-2_2_4_8
The function took: 0.44512078 seconds to generate sequences with rowsums: 8, 4, 2, -2
The function took: 6.4257846 seconds to go through the two sets of pairs

Creating the sequences took 23 seconds. 
 

results/pairs/ws/find_22/rowsum_-2_2_4_8/pair_WX.pair
results/pairs/ws/find_22/rowsum_-2_2_4_8/pair_ZY.pair
results/pairs/ws/find_22/rowsum_0_4_6_6/pair_WY.pair
results/pairs/ws/find_22/rowsum_0_4_6_6/pair_ZX.pair
results/pairs/ws/find_22/rowsum_2_2_4_8/pair_WX.pair
results/pairs/ws/find_22/rowsum_2_2_4_8/pair_ZY.pair
Sorting the files took 0 seconds. 
 

./results/pairs/ws/find_22
Folder rowsum_-2_2_4_8 : sequences have order (Z, Y, W, X)
Folder rowsum_0_4_6_6 : sequences have order (Z, X, W, Y)
Folder rowsum_2_2_4_8 : sequences have order (Z, Y, W, X)

count before equivalences 12289
The function found a total of 829440 sequences without any equivalences
count after equivalences 15
Matching the sequences took 124 seconds. 
 

Total execution time was 147 seconds.
