Generating rowsum decompositions for length 6 ...
(0, 2, 2, 4)
Generated 1 different rowsums

Generating .pair files for rowsums (0, 2, 2, 4) ...
Found 20 sequences with rowsum 0
Found 15 sequences with rowsum 2
Found 15 sequences with rowsum 2
Found 6 sequences with rowsum 4
Generating all sequences with rowsums (0, 2, 2, 4) took 0.00 seconds
Generated 12 pairs for pairing WZ
Generated 36 pairs for pairing XY
Generating .pair files for both pairs took 0.00 seconds

Generated 48 total pairs
Total time to generate .pair files: 0.01 seconds

Sorting file results/pairs/wts/find_6/rowsum_0_2_2_4/pair_WZ.pair ...
Sorting file results/pairs/wts/find_6/rowsum_0_2_2_4/pair_XY.pair ...
Total time to sort: 0.04 seconds.

Matching files in /rowsum_0_2_2_4 ...
Matches found in "pair_WZ.pair.sorted" and "pair_XY.pair.sorted": 144

Matching took: 0.00 seconds.

Found 48 wts after matching
Filtered with the SN (single negate) and SS (single swap) operations; now filtering 12 sequences up to Williamson-type equivalence ...
Found 1 wts after reducing to equivalence
Reducing to equivalence took 0.12 seconds.

In order to generate all Williamson-type sequences up to Hadamard equivalence, we now generate a complete list up to QT equivalence ...
Found 1 qts after reducing to equivalence
Reducing to equivalence took 0.02 seconds.

Converting sequences found in results/pairs/wts/find_6/result-qts.seq to Hadamard matrices up to Hadamard equivalence ...
Reducing matrices to equivalence via graph isomorphism...
Number of matrices up to equivalence : 1
Converting to matrices up to Hadamard equivalence took 0.01 seconds
1 matrices were found after converting up to Hadamard equivalence.
Converting PQS to QHM ...
./results/pairs/wts/find_6/result.seq
converted 1 sequences of size 6. 0 contained non-commuting elements.
Converting to PQS to QHM took 0.03 seconds

Total execution time was 0.30 seconds.
