Generating rowsum decompositions for length 2 ...
(0, 0, 2, 2)
Generated 1 different rowsums

Generating .pair files for rowsums (0, 0, 2, 2) ...
Found 2 sequences with rowsum 0
Found 2 sequences with rowsum 0
Found 1 sequences with rowsum 2
Found 1 sequences with rowsum 2
Generating all sequences with rowsums (0, 0, 2, 2) took 0.01 seconds
Generated 2 pairs for pairing WZ
Generated 2 pairs for pairing XY
Generating .pair files for both pairs took 0.00 seconds

Generated 4 total pairs
Total time to generate .pair files: 0.01 seconds

Sorting file results/pairs/wts/find_2/rowsum_0_0_2_2/pair_WZ.pair ...
Sorting file results/pairs/wts/find_2/rowsum_0_0_2_2/pair_XY.pair ...
Total time to sort: 0.03 seconds.

Matching files in /rowsum_0_0_2_2 ...
Matches found in "pair_WZ.pair.sorted" and "pair_XY.pair.sorted": 4

Matching took: 0.00 seconds.

Found 4 wts after matching
Filtered with the SN (single negate) and SS (single swap) operations; now filtering 1 sequences up to Williamson-type equivalence ...
Found 1 wts after reducing to equivalence
Reducing to equivalence took 0.00 seconds.

In order to generate all Williamson-type sequences up to Hadamard equivalence, we now generate a complete list up to QT equivalence ...
Found 1 qts after reducing to equivalence
Reducing to equivalence took 0.00 seconds.

Converting sequences found in results/pairs/wts/find_2/result-qts.seq to Hadamard matrices up to Hadamard equivalence ...
Reducing matrices to equivalence via graph isomorphism...
Number of matrices up to equivalence : 1
Converting to matrices up to Hadamard equivalence took 0.01 seconds
1 matrices were found after converting up to Hadamard equivalence.
Converting PQS to QHM ...
./results/pairs/wts/find_2/result.seq
converted 1 sequences of size 2. 0 contained non-commuting elements.
Converting to PQS to QHM took 0.00 seconds

Total execution time was 0.10 seconds.
