Generating rowsum decompositions for length 4 ...
(0, 0, 0, 4)
(2, 2, 2, 2)
Generated 2 different rowsums

Generating .pair files for rowsums (0, 0, 0, 4) ...
Found 6 sequences with rowsum 0
Found 6 sequences with rowsum 0
Found 6 sequences with rowsum 0
Found 1 sequences with rowsum 4
Generating all sequences with rowsums (0, 0, 0, 4) took 0.04 seconds
Generated 6 pairs for pairing WZ
Generated 24 pairs for pairing XY
Generating .pair files for both pairs took 0.03 seconds

Generating .pair files for rowsums (2, 2, 2, 2) ...
Found 4 sequences with rowsum 2
Found 4 sequences with rowsum 2
Found 4 sequences with rowsum 2
Found 4 sequences with rowsum 2
Generating all sequences with rowsums (2, 2, 2, 2) took 0.02 seconds
Generated 8 pairs for pairing WZ
Generated 8 pairs for pairing XY
Generating .pair files for both pairs took 0.00 seconds

Generated 46 total pairs
Total time to generate .pair files: 0.09 seconds

Sorting file results/pairs/wts/find_4/rowsum_0_0_0_4/pair_WZ.pair ...
Sorting file results/pairs/wts/find_4/rowsum_0_0_0_4/pair_XY.pair ...
Sorting file results/pairs/wts/find_4/rowsum_2_2_2_2/pair_WZ.pair ...
Sorting file results/pairs/wts/find_4/rowsum_2_2_2_2/pair_XY.pair ...
Total time to sort: 0.05 seconds.

Matching files in /rowsum_0_0_0_4 ...
Matches found in "pair_WZ.pair.sorted" and "pair_XY.pair.sorted": 80

Matching files in /rowsum_2_2_2_2 ...
Matches found in "pair_WZ.pair.sorted" and "pair_XY.pair.sorted": 64

Matching took: 0.01 seconds.

Found 80 wts after matching
Filtered with the SN (single negate) and SS (single swap) operations; now filtering 12 sequences up to Williamson-type equivalence ...
Found 2 wts after reducing to equivalence
Reducing to equivalence took 0.01 seconds.

In order to generate all Williamson-type sequences up to Hadamard equivalence, we now generate a complete list up to QT equivalence ...
Found 3 qts after reducing to equivalence
Reducing to equivalence took 0.00 seconds.

Converting sequences found in results/pairs/wts/find_4/result-qts.seq to Hadamard matrices up to Hadamard equivalence ...
Reducing matrices to equivalence via graph isomorphism...
Number of matrices up to equivalence : 2
Converting to matrices up to Hadamard equivalence took 0.01 seconds
2 matrices were found after converting up to Hadamard equivalence.
Converting PQS to QHM ...
./results/pairs/wts/find_4/result.seq
converted 2 sequences of size 4. 1 contained non-commuting elements.
Converting to PQS to QHM took 0.01 seconds

Total execution time was 0.23 seconds.
