Generating rowsum decompositions ...
(1, 1, 1, 3)
Generated 1 different rowsums

Generating .pair files for rowsums (1, 1, 1, 3) ...
Found 3 sequences with rowsum 1
Found 3 sequences with rowsum 1
Found 3 sequences with rowsum 1
Found 1 sequences with rowsum 3
Generating all sequences with rowsums (1, 1, 1, 3) took 0.18 seconds
Generating .pair files for both pairs took 0.02 seconds

Total time to generate .pair files: 0.20 seconds

Sorting file results/pairs/qts/find_3/rowsum_1_1_1_3/pair_WZ.pair ...
Sorting file results/pairs/qts/find_3/rowsum_1_1_1_3/pair_XY.pair ...
Total time to sort: 0.21 seconds.

Matching files in /rowsum_1_1_1_3 ...
Matches found in "pair_XY.pair.sorted" and "pair_WZ.pair.sorted": 9

Matching took: 0.00 seconds.

Found 5 qts after matching
Reducing sequences up to equivalence ...
Found 1 qts after reducing to equivalence
Reducing to equivalence took 0.33 seconds.

Converting sequences found in results/pairs/qts/find_3/ns_canonical.seq to Hadamard matrices up to Hadamard equivalence ...
Reducing matrices to equivalence via graph isomorphism...
Number of matrices up to equivalence : 1
Converting to matrices up to Hadamard equivalence took 0.01 seconds
1 matrices were found after converting up to Hadamard equivalence.
Total execution time was 0.99 seconds.
