(1, 1, 5, 7)
(-1, 1, 5, 7)
(1, 5, 5, 5)
(-1, 5, 5, 5)
(3, 3, 3, 7)
(-3, 3, 3, 7)
generated 6 different rowsums
results/pairs/ws/find_19/rowsum_1_1_5_7
The function took: 0.0999227 seconds to generate sequences with rowsums: 7, 5, 1, 1
The function took: 0.5190572 seconds to go through the two sets of pairs

results/pairs/ws/find_19/rowsum_-1_1_5_7
The function took: 0.100508906 seconds to generate sequences with rowsums: 7, 5, 1, -1
The function took: 0.6714628 seconds to go through the two sets of pairs

results/pairs/ws/find_19/rowsum_1_5_5_5
The function took: 0.0912372 seconds to generate sequences with rowsums: 5, 5, 5, 1
The function took: 0.6112646 seconds to go through the two sets of pairs

results/pairs/ws/find_19/rowsum_-1_5_5_5
The function took: 0.1025293 seconds to generate sequences with rowsums: 5, 5, 5, -1
The function took: 0.4802793 seconds to go through the two sets of pairs

results/pairs/ws/find_19/rowsum_3_3_3_7
The function took: 0.092546105 seconds to generate sequences with rowsums: 7, 3, 3, 3
The function took: 0.6398258 seconds to go through the two sets of pairs

results/pairs/ws/find_19/rowsum_-3_3_3_7
The function took: 0.0642385 seconds to generate sequences with rowsums: 7, 3, 3, -3
The function took: 0.97790396 seconds to go through the two sets of pairs

Creating the sequences took 4 seconds. 
 

results/pairs/ws/find_19/rowsum_-1_1_5_7/pair_WX.pair
results/pairs/ws/find_19/rowsum_-1_1_5_7/pair_ZY.pair
results/pairs/ws/find_19/rowsum_-1_5_5_5/pair_YX.pair
results/pairs/ws/find_19/rowsum_-1_5_5_5/pair_ZW.pair
results/pairs/ws/find_19/rowsum_-3_3_3_7/pair_WX.pair
results/pairs/ws/find_19/rowsum_-3_3_3_7/pair_YZ.pair
results/pairs/ws/find_19/rowsum_1_1_5_7/pair_WX.pair
results/pairs/ws/find_19/rowsum_1_1_5_7/pair_ZY.pair
results/pairs/ws/find_19/rowsum_1_5_5_5/pair_YX.pair
results/pairs/ws/find_19/rowsum_1_5_5_5/pair_ZW.pair
results/pairs/ws/find_19/rowsum_3_3_3_7/pair_WX.pair
results/pairs/ws/find_19/rowsum_3_3_3_7/pair_YZ.pair
Sorting the files took 0 seconds. 
 

./results/pairs/ws/find_19
Folder rowsum_-1_5_5_5 : sequences have order (Z, W, Y, X)
Folder rowsum_1_1_5_7 : sequences have order (Z, Y, W, X)
Folder rowsum_-1_1_5_7 : sequences have order (Z, Y, W, X)
Folder rowsum_1_5_5_5 : sequences have order (Z, W, Y, X)
Folder rowsum_-3_3_3_7 : sequences have order (W, X, Y, Z)
Folder rowsum_3_3_3_7 : sequences have order (W, X, Y, Z)

count before equivalences 848
The function found a total of 14400 sequences without any equivalences
count after equivalences 6
Matching the sequences took 2 seconds. 
 

Total execution time was 6 seconds.
