(0, 0, 0, 4)
(2, 2, 2, 2)
(-2, 2, 2, 2)
generated 3 different rowsums
results/pairs/qts/find_4/rowsum_0_0_0_4
The function took: 0.0003049 seconds to generate sequences with rowsums: 4, 0, 0, 0
The function took: 0.000915 seconds to go through the two sets of pairs

results/pairs/qts/find_4/rowsum_2_2_2_2
The function took: 0.0002272 seconds to generate sequences with rowsums: 2, 2, 2, 2
The function took: 0.0003301 seconds to go through the two sets of pairs

results/pairs/qts/find_4/rowsum_-2_2_2_2
The function took: 0.0001601 seconds to generate sequences with rowsums: 2, 2, 2, -2
The function took: 0.0002734 seconds to go through the two sets of pairs

Creating the sequences took 0 seconds. 
 

results/pairs/qts/find_4/rowsum_-2_2_2_2/pair_YX.pair
results/pairs/qts/find_4/rowsum_-2_2_2_2/pair_ZW.pair
results/pairs/qts/find_4/rowsum_0_0_0_4/pair_WX.pair
results/pairs/qts/find_4/rowsum_0_0_0_4/pair_YZ.pair
results/pairs/qts/find_4/rowsum_2_2_2_2/pair_XW.pair
results/pairs/qts/find_4/rowsum_2_2_2_2/pair_YZ.pair
Sorting the files took 0 seconds. 
 

./results/pairs/qts/find_4
Folder rowsum_2_2_2_2 : sequences have order (X, W, Y, Z)
Folder rowsum_-2_2_2_2 : sequences have order (Z, W, Y, X)
Folder rowsum_0_0_0_4 : sequences have order (W, X, Y, Z)

count before equivalences 115
The function found a total of 896 sequences without any equivalences
count after equivalences 7
Matching the sequences took 0 seconds. 
 

Total execution time was 0 seconds.
