(1, 1, 3, 5)
(-1, 1, 3, 5)
(3, 3, 3, 3)
(-3, 3, 3, 3)
generated 4 different rowsums
results/pairs/ws/find_9/rowsum_1_1_3_5
The function took: 0.0027815 seconds to generate sequences with rowsums: 5, 3, 1, 1
The function took: 0.1160558 seconds to go through the two sets of pairs

results/pairs/ws/find_9/rowsum_-1_1_3_5
The function took: 0.004315601 seconds to generate sequences with rowsums: 5, 3, 1, -1
The function took: 0.0998278 seconds to go through the two sets of pairs

results/pairs/ws/find_9/rowsum_3_3_3_3
The function took: 0.0012316 seconds to generate sequences with rowsums: 3, 3, 3, 3
The function took: 0.0988157 seconds to go through the two sets of pairs

results/pairs/ws/find_9/rowsum_-3_3_3_3
The function took: 0.0014051 seconds to generate sequences with rowsums: 3, 3, 3, -3
The function took: 0.0958458 seconds to go through the two sets of pairs

Creating the sequences took 0 seconds. 
 

results/pairs/ws/find_9/rowsum_-1_1_3_5/pair_WX.pair
results/pairs/ws/find_9/rowsum_-1_1_3_5/pair_ZY.pair
results/pairs/ws/find_9/rowsum_-3_3_3_3/pair_YX.pair
results/pairs/ws/find_9/rowsum_-3_3_3_3/pair_ZW.pair
results/pairs/ws/find_9/rowsum_1_1_3_5/pair_WX.pair
results/pairs/ws/find_9/rowsum_1_1_3_5/pair_ZY.pair
results/pairs/ws/find_9/rowsum_3_3_3_3/pair_XW.pair
results/pairs/ws/find_9/rowsum_3_3_3_3/pair_YZ.pair
Sorting the files took 0 seconds. 
 

./results/pairs/ws/find_9
Folder rowsum_3_3_3_3 : sequences have order (X, W, Y, Z)
Folder rowsum_1_1_3_5 : sequences have order (Z, Y, W, X)
Folder rowsum_-1_1_3_5 : sequences have order (Z, Y, W, X)
Folder rowsum_-3_3_3_3 : sequences have order (Z, W, Y, X)

count before equivalences 66
The function found a total of 2112 sequences without any equivalences
count after equivalences 3
Matching the sequences took 2 seconds. 
 

Total execution time was 2 seconds.
