(1, 1, 3, 5)
(-1, 1, 3, 5)
(3, 3, 3, 3)
(-3, 3, 3, 3)
generated 4 different rowsums
results/pairs/wts/find_9/rowsum_1_1_3_5
The function took: 0.034430668 seconds to generate sequences with rowsums: 5, 3, 1, 1
The function took: 0.0944492 seconds to go through the two sets of pairs

results/pairs/wts/find_9/rowsum_-1_1_3_5
The function took: 0.005954811 seconds to generate sequences with rowsums: 5, 3, 1, -1
The function took: 0.11621694 seconds to go through the two sets of pairs

results/pairs/wts/find_9/rowsum_3_3_3_3
The function took: 0.23422651 seconds to generate sequences with rowsums: 3, 3, 3, 3
The function took: 0.09210839 seconds to go through the two sets of pairs

results/pairs/wts/find_9/rowsum_-3_3_3_3
The function took: 0.039393794 seconds to generate sequences with rowsums: 3, 3, 3, -3
The function took: 0.12153936 seconds to go through the two sets of pairs

Creating the sequences took 1 seconds. 
 

results/pairs/wts/find_9/rowsum_-1_1_3_5/pair_WZ.pair
results/pairs/wts/find_9/rowsum_-1_1_3_5/pair_YX.pair
results/pairs/wts/find_9/rowsum_-3_3_3_3/pair_WX.pair
results/pairs/wts/find_9/rowsum_-3_3_3_3/pair_YZ.pair
results/pairs/wts/find_9/rowsum_1_1_3_5/pair_WZ.pair
results/pairs/wts/find_9/rowsum_1_1_3_5/pair_YX.pair
results/pairs/wts/find_9/rowsum_3_3_3_3/pair_XY.pair
results/pairs/wts/find_9/rowsum_3_3_3_3/pair_ZW.pair
Sorting the files took 0 seconds. 
 

./results/pairs/wts/find_9
Folder rowsum_-3_3_3_3 : sequences have order (Y, Z, W, X)
Folder rowsum_1_1_3_5 : sequences have order (W, Z, Y, X)
thread 'main' panicked at src/find/find_write.rs:469:40:
index out of bounds: the len is 84 but the index is 95
note: run with `RUST_BACKTRACE=1` environment variable to display a backtrace
Matching the sequences took 0 seconds. 
 

Total execution time was 1 seconds.
