(1, 1, 1, 5)
(-1, 1, 1, 5)
(1, 3, 3, 3)
(-1, 3, 3, 3)
generated 4 different rowsums
results/pairs/ws/find_7/rowsum_1_1_1_5
The function took: 0.0004916 seconds to generate sequences with rowsums: 5, 1, 1, 1
The function took: 0.0012087 seconds to go through the two sets of pairs

results/pairs/ws/find_7/rowsum_-1_1_1_5
The function took: 0.0003132 seconds to generate sequences with rowsums: 5, 1, 1, -1
The function took: 0.0001409 seconds to go through the two sets of pairs

results/pairs/ws/find_7/rowsum_1_3_3_3
The function took: 0.0001889 seconds to generate sequences with rowsums: 3, 3, 3, 1
The function took: 0.0001729 seconds to go through the two sets of pairs

results/pairs/ws/find_7/rowsum_-1_3_3_3
The function took: 0.0001826 seconds to generate sequences with rowsums: 3, 3, 3, -1
The function took: 0.0001982 seconds to go through the two sets of pairs

Creating the sequences took 0 seconds. 
 

results/pairs/ws/find_7/rowsum_-1_1_1_5/pair_WX.pair
results/pairs/ws/find_7/rowsum_-1_1_1_5/pair_YZ.pair
results/pairs/ws/find_7/rowsum_-1_3_3_3/pair_YX.pair
results/pairs/ws/find_7/rowsum_-1_3_3_3/pair_ZW.pair
results/pairs/ws/find_7/rowsum_1_1_1_5/pair_WX.pair
results/pairs/ws/find_7/rowsum_1_1_1_5/pair_YZ.pair
results/pairs/ws/find_7/rowsum_1_3_3_3/pair_YX.pair
results/pairs/ws/find_7/rowsum_1_3_3_3/pair_ZW.pair
Sorting the files took 0 seconds. 
 

./results/pairs/ws/find_7
Folder rowsum_1_3_3_3 : sequences have order (Z, W, Y, X)
Folder rowsum_1_1_1_5 : sequences have order (W, X, Y, Z)
Folder rowsum_-1_3_3_3 : sequences have order (Z, W, Y, X)
Folder rowsum_-1_1_1_5 : sequences have order (W, X, Y, Z)

count before equivalences 44
The function found a total of 960 sequences without any equivalences
count after equivalences 2
Matching the sequences took 0 seconds. 
 

Total execution time was 0 seconds.
