(1, 1, 3, 3)
(-1, 1, 3, 3)
generated 2 different rowsums
results/pairs/wts/find_5/rowsum_3_3_1_1
The function took: 0.15124488 seconds to generate sequences with rowsums: 3, 3, 1, 1
The function took: 0.03031559 seconds to go through the two sets of pairs

results/pairs/wts/find_5/rowsum_3_3_1_-1
The function took: 0.108763 seconds to generate sequences with rowsums: 3, 3, 1, -1
The function took: 0.15993816 seconds to go through the two sets of pairs

Creating the sequences took 0 seconds. 
 

results/pairs/wts/find_5/rowsum_3_3_1_-1/pair_YX.pair
results/pairs/wts/find_5/rowsum_3_3_1_-1/pair_ZW.pair
results/pairs/wts/find_5/rowsum_3_3_1_1/pair_XY.pair
results/pairs/wts/find_5/rowsum_3_3_1_1/pair_ZW.pair
Sorting the files took 0 seconds. 
 

./results/pairs/wts/find_5
Folder rowsum_3_3_1_-1 : sequences have order (Y, X, Z, W)
Folder rowsum_3_3_1_1 : sequences have order (Z, W, X, Y)

count before equivalences 22
The function found a total of 960 sequences without any equivalences
count after equivalences 2
Matching the sequences took 0 seconds. 
 

Total execution time was 0 seconds.
