Ok("/scratch/colinot/quaternion-sequences/rust")
results/pairs/wts/find_14/result.seq
YYXIXYYzZq-qZz
+XKQKX+iZjzjZi
YJZIZJYqKxkxKq
+JJZJJ+kIixiIk
+YJIJY+kZi-iZk
YXZQZXYqZxzxZq
+JIKIJ+j+k-k+j
Y+XQX+YzKqyqKz
+JKIKJ+iKjkjKi
YXQZQXYxYzyzYx
++JQJ++kKiyiKk
YXXKXXYzQqjqQz
+JQ+Y+QJ+zjZjz
+JKXJXKJ+iyIyi
YXXKZKXXYyiYiy
YX+QIQ+XYjzJzj
YXIY+YIXYkxKxk
YXZJXJZXYq-Q-q
+JJZKZJJ+-q+q-
+JYIQIYJ+xkXkx
YXYIIIYXYxkJkx
YXJZZZJXY-qYq-
+JZJJJZJ+q-I-q
+JIYYYIJ+kxZxk
+J+QQQ+J+jzXzj
+JXKKKXJ+yi+iy
YXKXXXKXYiyQyi
YXQ+++QXYzjKjz
+YQYQY+kzxXxzk
+YQ+QY+kzxJxzk
+JKYKJ+j-iQi-j
+JKJKJ+j-iKi-j
Y+I+I+YzkjJjkz
Y+IYI+YzkjXjkz
YXZ+ZXYxyqIqyx
YXZXZXYxyqZqyx
+J+QQQ+J+jzYzj
+JZJJJZJ+q-K-q
+JQ+X+QJ+zjZjz
+JJZIZJJ+-q+q-
YXJZIZJXY-q+q-
YXQ+X+QXYzjZjz
YXZJJJZXYq-K-q
YX+QQQ+XYjzYzj
YXYIIIYXYxk+kx
YXKXXXKXYiyZyi
YXIYJYIXYkxKxk
YXXKQKXXYyiYiy
+JXKQKXJ+yiYiy
+JIYJYIJ+kxKxk
+JKXXXKJ+iyZyi
+JYIIIYJ+xk+kx
YX+JKJ+XYj-J-j
YXYXZXYXYxyXyx
YXXYKYXXYyxJxy
YXJ+Z+JXY-jXj-
+JIKYKIJ+kiQik
+JXYKYXJ+yxJxy
+JYXZXYJ+xyXyx
+JKI+IKJ+ikIki
YXQZ+ZQXYzqIqz
YXZQYQZXYqzQzq
+J+JKJ+J+j-J-j
+JJ+Z+JJ+-jXj-
YYXIXYYqQzjzQq
+YIQIY+kZjzjZk
Y+QIQ+YzKxkxKz
+JJZJJ+iKkykKi
+YJIJY+iQkjkQi
YXQZQXYzQxqxQz
+JKIKJ+j+i-i+j
Y+XQX+YqIzxzIq
+JIKIJ+kIjijIk
YXZQZXYxYqyqYx
++JQJ++iIkxkIi
YXXKXXYqZz-zZq
+XQXQX+izyYyzi
+XQ+QX+izyJyzi
+JIXIJ+j-kQk-j
+JIJIJ+j-kIk-j
YJIJIJYqk-+-kq
YJIYIJYqk-X-kq
YXQJQXYxyzIzyx
YXQXQXYxyzQzyx
YXJ+K+JXY-j+j-
YXYXQXYXYxyXyx
YXXYKYXXYyx+xy
YX+JQJ+XYj-X-j
+JKIXIKJ+ikQki
+JYXIXYJ+xyJyx
+JXYZYXJ+yxYxy
+JIK+KIJ+kiKik
YXZQJQZXYqzIzq
YXQZYZQXYzqZqz
+J+JIJ+J+j-J-j
+JJ+Z+JJ+-jYj-
generated all sequences
generated all matrices
number of matrices up to equivalence : 7
results/pairs/wts/find_14/result.mat
Converting to matrices up to Hadamard equivalence took 631567 seconds.
