Ok("/scratch/colinot/quaternion-sequences/rust")
results/pairs/wts/find_16/result.seq
Y++IQII+Y-+iQiI-
+YYQIQQY+yYqIqQy
YY+QQQIYYy+qQqIy
++YIIIQ++-YiIiQ-
YXKYXYIXYxKyXyIx
+JZ+J+QJ+jZ-J-Qj
YI++Q+IIYi+-Q-Ii
+QYYIYQQ+qYyIyQq
YXJQZQIXYxJqZqIx
+JXIKIQJ+jXiKiQj
Y+JKZKI+Y-JkZkI-
+YXZKZQY+yXzKzQy
YJ+KQKIJYj+kQkIj
+XYZIZQX+xYzIzQx
YX+ZQZIXYx+zQzIx
+JYKIKQJ+jYkIkQj
Y+JIZII+Y-JiZiI-
+YXQKQQY+yXqKqQy
YY+XQXIYYy+xQxIy
++YJIJQ++-YjIjQ-
YX+YQYIXYx+yQyIx
+JY+I+QJ+jY-I-Qj
YIJ+Z+IIYiJ-Z-Ii
+QXYKYQQ+qXyKyQq
YXKQXQIXYxKqXqIx
+JZIJIQJ+jZiJiQj
YJ++Q+IJYj+-Q-Ij
+XYYIYQX+xYyIyQx
Y++JQJI+Y-+jQjI-
+YYXIXQY+yYxIxQy
YXJZZZIXYxJzZzIx
+JXKKKQJ+jXkKkQj
YJ+IQIIJYj+iQiIj
+XYQIQQX+xYqIqQx
YYJXZXIYYyJxZxIy
++XJKJQ++-XjKjQ-
YXJYZYIXYxJyZyIx
+JX+K+QJ+jX-K-Qj
YI+JQJIIYi+jQjIi
+QYXIXQQ+qYxIxQq
YX+QQQIXYx+qQqIx
+JYIIIQJ+jYiIiQj
YJJ+Z+IJYjJ-Z-Ij
+XXYKYQX+xXyKyQx
Y+JJZJI+Y-JjZjI-
+YXXKXQY+yXxKxQy
YXKZXZIXYxKzXzIx
+JZKJKQJ+jZkJkQj
+Y+JYZ+qIxJkqQjy
+YYX+K+qIxXziIjy
YXYJXK+iZyXiqIjj
YXY+XKJiQyXizI--
+Q+YXI+qKXJxqjjz
YIYYXI+iZJXxqjjk
YI+YJQJqQ+Jxky-z
YIYYXIJiQ+Xxz--k
++J++J+-+-j++j--
+J+Y++Jy+j-Y+-jy
+YX++XY-+yx++xy-
+YXX+XYx+yxX+xyx
++JJ+J+j+-jJ+j-j
+YXY+XYy+yxY+xyy
+YXJ+XYj+yxJ+xyj
++JY+J+y+-jY+j-y
++JK+J+k+-jK+j-k
+YXQ+XYq+yxQ+xyq
+YXK+XYk+yxK+xyk
++JI+J+i+-jI+j-i
+YXI+XYi+yxI+xyi
+YXZ+XYz+yxZ+xyz
+JK++KJ-+jk++kj-
+JKY+KJy+jkY+kjy
+JKI+KJi+jkI+kji
+JKX+KJx+jkX+kjx
+JKJ+KJj+jkJ+kjj
+JIJ+IJj+jiJ+ijj
+++J-J+++-+j-j+-
++JQJ++q-+jQj+-q
+Y+X-X+Y+y+x-x+y
YIXYXIYyyIxYxIyy
++JJJ++j-+jJj+-j
Y+QQQ+Yqy+qQq+yq
Y+QIQ+Yiy+qIq+yi
+JJZJJ+z-JjZjJ-z
+JJ+JJ+--Jj+jJ--
++JKJ++k-+jKj+-k
Y+XQX+Yqy+xQx+yq
Y+XKX+Yky+xKx+yk
++JIJ++i-+jIj+-i
++JYJ++y-+jYj+-y
Y+XIX+Yiy+xIx+yi
Y+XZX+Yzy+xZx+yz
YJXZXJYzyJxZxJyz
YJXIXJYiyJxIxJyi
YJXKXJYkyJxKxJyk
YJXQXJYqyJxQxJyq
+JJYJJ+y-JjYjJ-y
+J+K-K+J+j+k-k+j
+JIZIJ+z-JiZiJ-z
Y+XJX+Yjy+xJx+yj
+JIKIJ+k-JiKiJ-k
+JKZKJ+z-JkZkJ-z
+JKIKJ+i-JkIkJ-i
+JI+IJ+--Ji+iJ--
Y+XXX+Yxy+xXx+yx
+JK+KJ+--Jk+kJ--
+JKYKJ+y-JkYkJ-y
+JKXKJ+x-JkXkJ-x
Y+XYX+Yyy+xYx+yy
++JJ+Jj++-Jj+jj-
+YXX+XxY+yXx+xxy
++YJ+Jy++-Yj+jy-
+YJX+XjY+yJx+xjy
+++J+J-++-+j+j--
+Y+X+X-Y+y+x+x-y
+JY+++yJ+jY-+-yj
+YYX+XyY+yYx+xyy
+YJZ+ZjY+yJz+zjy
++JK+Kj++-Jk+kj-
+YXZ+ZxY+yXz+zxy
+YJQ+QjY+yJq+qjy
++JI+Ij++-Ji+ij-
+XYZ+ZyX+xYz+zyx
+JXK+KxJ+jXk+kxj
+JKI+IkJ+jKi+ikj
+JYK+KyJ+jYk+kyj
+J+K+K-J+j+k+k-j
+JJI+IjJ+jJi+ijj
+JJK+KjJ+jJk+kjj
++J+J++--+j+j+--
Y+X+X+Y-y+x+x+y-
+JKJKJ+j-JkJkJ-j
Y+YX+KYiQjXziIx-
Y++JYZYiQjJkqQx-
+J+YJZXqI-JqkQyy
+J+XJZYqK-JqiQxx
+QY+XIXiIYXjz-yk
+Q++JQXqIYJjkyyz
YIY+JQYiZJXjixxk
+Q++JQYqKXJjixxz
Y+JJYJ+jY-jJYj-j
Y+JYYJ+yY-jYYj-y
YXY+YYX-Yxy+Yyx-
YYXYYXYyYyxYYxyy
Y+JXYJ+xY-jXYj-x
Y+J+YJ+-Y-j+Yj--
YYXXYXYxYyxXYxyx
YYX+YXY-Yyx+Yxy-
Y+JQYJ+qY-jQYj-q
Y+JKYJ+kY-jKYj-k
YYXQYXYqYyxQYxyq
Y+JIYJ+iY-jIYj-i
Y+JZYJ+zY-jZYj-z
YYXZYXYzYyxZYxyz
YXZJYZXjYxzJYzxj
YXZYYZXyYxzYYzxy
YXZQYZXqYxzQYzxq
YXZ+YZX-Yxz+Yzx-
YXQXYQXxYxqXYqxx
YXZXYZXxYxzXYzxx
+QJ+JQ+--Qj+jQ--
Y+YJyJY+Y-YjyjY-
YYXIXYYiyYxIxYyi
YYYXyXYYYyYxyxYy
+YIQIY+q-YiQiY-q
+YIIIY+i-YiIiY-i
YYXXXYYxyYxXxYyx
YXXKXXYkyXxKxXyk
YXXYXXYyyXxYxXyy
+XJZJX+z-XjZjX-z
+XJKJX+k-XjKjX-k
YYXQXYYqyYxQxYyq
+XJIJX+i-XjIjX-i
+XJQJX+q-XjQjX-q
YYX+XYY-yYx+xYy-
YYXZXYYzyYxZxYyz
+YJQJY+q-YjQjY-q
+YJIJY+i-YjIjY-i
YXX+XXY-yXx+xXy-
+YJKJY+k-YjKjY-k
+YJZJY+z-YjZjY-z
YXZKZXYkyXzKzXyk
YXYZyZYXYxYzyzYx
YXZQZXYqyXzQzXyq
+YJXJY+x-YjXjY-x
YXQKQXYkyXqKqXyk
YXQZQXYzyXqZqXyz
YXZYZXYyyXzYzXyy
YXZJZXYjyXzJzXyj
YXQYQXYyyXqYqXyy
+YJJJY+j-YjJjY-j
+YJ+JY+--Yj+jY--
YXZ+ZXY-yXz+zXy-
Y+XJYJx+Y-XjYjx-
Y+JJYJj+Y-JjYjj-
YYXXYXxYYyXxYxxy
YY+XYX-YYy+xYx-y
YX+YYY-XYx+yYy-x
YYYXYXyYYyYxYxyy
Y+YJYJy+Y-YjYjy-
Y++JYJ-+Y-+jYj--
YJ+KYK-JYj+kYk-j
Y+XIYIx+Y-XiYix-
YYXQYQxYYyXqYqxy
YYXZYZxYYyXzYzxy
Y+XKYKx+Y-XkYkx-
Y+JKYKj+Y-JkYkj-
YXZQYQzXYxZqYqzx
YX+ZYZ-XYx+zYz-x
YXJZYZjXYxJzYzjx
YXYZYZyXYxYzYzyx
YXXZYZxXYxXzYzxx
YXXQYQxXYxXqYqxx
YYXYXYYyyYxYxYyy
+YJYJY+y-YjYjY-y
YXZXZXYxyXzXzXyx
generated all sequences
generated all matrices
slurmstepd: error: *** JOB 15366865 ON cdr635 CANCELLED AT 2023-10-22T20:14:44 DUE TO TIME LIMIT ***
