(1, 1, 3, 9)
(-1, 1, 3, 9)
(3, 3, 5, 7)
(-3, 3, 5, 7)
generated 4 different rowsums
results/pairs/ws/find_23/rowsum_1_1_3_9
The function took: 1.2043941 seconds to generate sequences with rowsums: 9, 3, 1, 1
The function took: 7.827189 seconds to go through the two sets of pairs

results/pairs/ws/find_23/rowsum_-1_1_3_9
The function took: 0.93972725 seconds to generate sequences with rowsums: 9, 3, 1, -1
The function took: 7.4959483 seconds to go through the two sets of pairs

results/pairs/ws/find_23/rowsum_3_3_5_7
The function took: 0.8278885 seconds to generate sequences with rowsums: 7, 5, 3, 3
The function took: 7.6655583 seconds to go through the two sets of pairs

results/pairs/ws/find_23/rowsum_-3_3_5_7
The function took: 0.8725879 seconds to generate sequences with rowsums: 7, 5, 3, -3
The function took: 7.787224 seconds to go through the two sets of pairs

Creating the sequences took 35 seconds. 
 

results/pairs/ws/find_23/rowsum_-1_1_3_9/pair_WX.pair
results/pairs/ws/find_23/rowsum_-1_1_3_9/pair_ZY.pair
results/pairs/ws/find_23/rowsum_-3_3_5_7/pair_WX.pair
results/pairs/ws/find_23/rowsum_-3_3_5_7/pair_ZY.pair
results/pairs/ws/find_23/rowsum_1_1_3_9/pair_WX.pair
results/pairs/ws/find_23/rowsum_1_1_3_9/pair_ZY.pair
results/pairs/ws/find_23/rowsum_3_3_5_7/pair_WX.pair
results/pairs/ws/find_23/rowsum_3_3_5_7/pair_ZY.pair
Sorting the files took 0 seconds. 
 

./results/pairs/ws/find_23
Folder rowsum_1_1_3_9 : sequences have order (Z, Y, W, X)
Folder rowsum_-1_1_3_9 : sequences have order (Z, Y, W, X)
Folder rowsum_-3_3_5_7 : sequences have order (Z, Y, W, X)
Folder rowsum_3_3_5_7 : sequences have order (Z, Y, W, X)

count before equivalences 176
The function found a total of 4224 sequences without any equivalences
count after equivalences 1
Matching the sequences took 0 seconds. 
 

Total execution time was 35 seconds.
