(1, 3, 3, 7)
(-1, 3, 3, 7)
(3, 3, 5, 5)
(-3, 3, 5, 5)
generated 4 different rowsums
results/pairs/ws/find_17/rowsum_1_3_3_7
The function took: 0.0198137 seconds to generate sequences with rowsums: 7, 3, 3, 1
The function took: 0.102129504 seconds to go through the two sets of pairs

results/pairs/ws/find_17/rowsum_-1_3_3_7
The function took: 0.0158185 seconds to generate sequences with rowsums: 7, 3, 3, -1
The function took: 0.0975817 seconds to go through the two sets of pairs

results/pairs/ws/find_17/rowsum_3_3_5_5
The function took: 0.0121084 seconds to generate sequences with rowsums: 5, 5, 3, 3
The function took: 0.1175916 seconds to go through the two sets of pairs

results/pairs/ws/find_17/rowsum_-3_3_5_5
The function took: 0.0124583 seconds to generate sequences with rowsums: 5, 5, 3, -3
The function took: 0.1234982 seconds to go through the two sets of pairs

Creating the sequences took 0 seconds. 
 

results/pairs/ws/find_17/rowsum_-1_3_3_7/pair_WX.pair
results/pairs/ws/find_17/rowsum_-1_3_3_7/pair_YZ.pair
results/pairs/ws/find_17/rowsum_-3_3_5_5/pair_WY.pair
results/pairs/ws/find_17/rowsum_-3_3_5_5/pair_ZX.pair
results/pairs/ws/find_17/rowsum_1_3_3_7/pair_WX.pair
results/pairs/ws/find_17/rowsum_1_3_3_7/pair_YZ.pair
results/pairs/ws/find_17/rowsum_3_3_5_5/pair_WX.pair
results/pairs/ws/find_17/rowsum_3_3_5_5/pair_ZY.pair
Sorting the files took 0 seconds. 
 

./results/pairs/ws/find_17
Folder rowsum_1_3_3_7 : sequences have order (W, X, Y, Z)
Folder rowsum_3_3_5_5 : sequences have order (Z, Y, W, X)
Folder rowsum_-1_3_3_7 : sequences have order (W, X, Y, Z)
Folder rowsum_-3_3_5_5 : sequences have order (Z, X, W, Y)

count before equivalences 272
The function found a total of 6144 sequences without any equivalences
count after equivalences 4
Matching the sequences took 1 seconds. 
 

Total execution time was 1 seconds.
