(1, 1, 1, 7)
(-1, 1, 1, 7)
(1, 1, 5, 5)
(-1, 1, 5, 5)
(3, 3, 3, 5)
(-3, 3, 3, 5)
generated 6 different rowsums
results/pairs/ws/find_13/rowsum_1_1_1_7
The function took: 0.0029002 seconds to generate sequences with rowsums: 7, 1, 1, 1
The function took: 0.0049172 seconds to go through the two sets of pairs

results/pairs/ws/find_13/rowsum_-1_1_1_7
The function took: 0.0014677 seconds to generate sequences with rowsums: 7, 1, 1, -1
The function took: 0.0031628 seconds to go through the two sets of pairs

results/pairs/ws/find_13/rowsum_1_1_5_5
The function took: 0.0023523 seconds to generate sequences with rowsums: 5, 5, 1, 1
The function took: 0.0043549 seconds to go through the two sets of pairs

results/pairs/ws/find_13/rowsum_-1_1_5_5
The function took: 0.0012403 seconds to generate sequences with rowsums: 5, 5, 1, -1
The function took: 0.0038479 seconds to go through the two sets of pairs

results/pairs/ws/find_13/rowsum_3_3_3_5
The function took: 0.0013671 seconds to generate sequences with rowsums: 5, 3, 3, 3
The function took: 0.004246 seconds to go through the two sets of pairs

results/pairs/ws/find_13/rowsum_-3_3_3_5
The function took: 0.0017053 seconds to generate sequences with rowsums: 5, 3, 3, -3
The function took: 0.0027441 seconds to go through the two sets of pairs

Creating the sequences took 0 seconds. 
 

results/pairs/ws/find_13/rowsum_-1_1_1_7/pair_WX.pair
results/pairs/ws/find_13/rowsum_-1_1_1_7/pair_YZ.pair
results/pairs/ws/find_13/rowsum_-1_1_5_5/pair_WY.pair
results/pairs/ws/find_13/rowsum_-1_1_5_5/pair_ZX.pair
results/pairs/ws/find_13/rowsum_-3_3_3_5/pair_WX.pair
results/pairs/ws/find_13/rowsum_-3_3_3_5/pair_YZ.pair
results/pairs/ws/find_13/rowsum_1_1_1_7/pair_WX.pair
results/pairs/ws/find_13/rowsum_1_1_1_7/pair_YZ.pair
results/pairs/ws/find_13/rowsum_1_1_5_5/pair_WX.pair
results/pairs/ws/find_13/rowsum_1_1_5_5/pair_ZY.pair
results/pairs/ws/find_13/rowsum_3_3_3_5/pair_WX.pair
results/pairs/ws/find_13/rowsum_3_3_3_5/pair_YZ.pair
Sorting the files took 0 seconds. 
 

./results/pairs/ws/find_13
Folder rowsum_-1_1_1_7 : sequences have order (W, X, Y, Z)
Folder rowsum_1_1_5_5 : sequences have order (Z, Y, W, X)
Folder rowsum_-3_3_3_5 : sequences have order (W, X, Y, Z)
Folder rowsum_3_3_3_5 : sequences have order (W, X, Y, Z)
Folder rowsum_1_1_1_7 : sequences have order (W, X, Y, Z)
Folder rowsum_-1_1_5_5 : sequences have order (Z, X, W, Y)

count before equivalences 376
The function found a total of 5184 sequences without any equivalences
count after equivalences 4
Matching the sequences took 0 seconds. 
 

Total execution time was 0 seconds.
