(1, 1, 1, 1)
(-1, 1, 1, 1)
generated 2 different rowsums
results/pairs/ws/find_1/rowsum_1_1_1_1
The function took: 0.0002614 seconds to generate sequences with rowsums: 1, 1, 1, 1
The function took: 0.0282474 seconds to go through the two sets of pairs

results/pairs/ws/find_1/rowsum_-1_1_1_1
The function took: 0.0001287 seconds to generate sequences with rowsums: 1, 1, 1, -1
The function took: 0.0001141 seconds to go through the two sets of pairs

Creating the sequences took 0 seconds. 
 

results/pairs/ws/find_1/rowsum_-1_1_1_1/pair_YX.pair
results/pairs/ws/find_1/rowsum_-1_1_1_1/pair_ZW.pair
results/pairs/ws/find_1/rowsum_1_1_1_1/pair_XW.pair
results/pairs/ws/find_1/rowsum_1_1_1_1/pair_YZ.pair
Sorting the files took 0 seconds. 
 

./results/pairs/ws/find_1
Folder rowsum_1_1_1_1 : sequences have order (X, W, Y, Z)
thread 'main' panicked at src/find/find_write.rs:630:44:
Expected something after ':' !
note: run with `RUST_BACKTRACE=1` environment variable to display a backtrace
