Generating rowsum decompositions for length 8 ...
(0, 0, 4, 4)
Generated 1 different rowsums

Generating .pair files for rowsums (0, 0, 4, 4) ...
Found 70 sequences with rowsum 0
Found 70 sequences with rowsum 0
Found 28 sequences with rowsum 4
Found 28 sequences with rowsum 4
Generating all sequences with rowsums (0, 0, 4, 4) took 0.00 seconds
Generated 192 pairs for pairing WZ
Generated 192 pairs for pairing XY
Generating .pair files for both pairs took 0.03 seconds

Generated 384 total pairs
Total time to generate .pair files: 0.03 seconds

Sorting file results/pairs/wts/find_8/rowsum_0_0_4_4/pair_WZ.pair ...
Sorting file results/pairs/wts/find_8/rowsum_0_0_4_4/pair_XY.pair ...
Total time to sort: 0.06 seconds.

Matching files in /rowsum_0_0_4_4 ...
Matches found in "pair_WZ.pair.sorted" and "pair_XY.pair.sorted": 3072

Matching took: 0.01 seconds.

Found 512 wts after matching
Filtered with the SN (single negate) and SS (single swap) operations; now filtering 60 sequences up to Williamson-type equivalence ...
Found 3 wts after reducing to equivalence
Reducing to equivalence took 0.08 seconds.

In order to generate all Williamson-type sequences up to Hadamard equivalence, we now generate a complete list up to QT equivalence ...
Found 4 qts after reducing to equivalence
Reducing to equivalence took 0.01 seconds.

Converting sequences found in results/pairs/wts/find_8/result-qts.seq to Hadamard matrices up to Hadamard equivalence ...
Reducing matrices to equivalence via graph isomorphism...
Number of matrices up to equivalence : 3
Converting to matrices up to Hadamard equivalence took 0.08 seconds
3 matrices were found after converting up to Hadamard equivalence.
Converting PQS to QHM ...
./results/pairs/wts/find_8/result.seq
converted 3 sequences of size 8. 2 contained non-commuting elements.
Converting to PQS to QHM took 0.01 seconds

Total execution time was 0.37 seconds.
