Generating rowsum decompositions ...
(0, 0, 4, 4)
Generated 1 different rowsums

Generating .pair files for rowsums (0, 0, 4, 4) ...
Found 70 sequences with rowsum 0
Found 70 sequences with rowsum 0
Found 28 sequences with rowsum 4
Found 28 sequences with rowsum 4
Generating all sequences with rowsums (0, 0, 4, 4) took 0.00 seconds
Generating .pair files for both pairs took 0.16 seconds

Total time to generate .pair files: 0.17 seconds

Sorting file results/pairs/qts/find_8/rowsum_0_0_4_4/pair_WZ.pair ...
Sorting file results/pairs/qts/find_8/rowsum_0_0_4_4/pair_XY.pair ...
Total time to sort: 0.13 seconds.

Matching files in /rowsum_0_0_4_4 ...
Matches found in "pair_XY.pair.sorted" and "pair_WZ.pair.sorted": 3234

Matching took: 0.01 seconds.

Found 541 qts after matching
Reducing sequences up to equivalence ...
Found 8 qts after reducing to equivalence
Reducing to equivalence took 0.03 seconds.

Converting sequences found in results/pairs/qts/find_8/ns_canonical.seq to Hadamard matrices up to Hadamard equivalence ...
Reducing matrices to equivalence via graph isomorphism...
Number of matrices up to equivalence : 3
Converting to matrices up to Hadamard equivalence took 0.85 seconds
3 matrices were found after converting up to Hadamard equivalence.
Total execution time was 1.26 seconds.
