(0, 0, 0, 8)
(4, 4, 4, 4)
(-4, 4, 4, 4)
generated 3 different rowsums
results/pairs/wts/find_16/rowsum_0_0_0_8
The function took: 0.05841695 seconds to generate sequences with rowsums: 8, 0, 0, 0
The function took: 1198.5575 seconds to go through the two sets of pairs

results/pairs/wts/find_16/rowsum_4_4_4_4
The function took: 0.07772233 seconds to generate sequences with rowsums: 4, 4, 4, 4
The function took: 900.88666 seconds to go through the two sets of pairs

results/pairs/wts/find_16/rowsum_-4_4_4_4
The function took: 0.16500589 seconds to generate sequences with rowsums: 4, 4, 4, -4
The function took: 890.3454 seconds to go through the two sets of pairs

Creating the sequences took 2990 seconds. 
 

results/pairs/wts/find_16/rowsum_-4_4_4_4/pair_WX.pair
results/pairs/wts/find_16/rowsum_-4_4_4_4/pair_YZ.pair
results/pairs/wts/find_16/rowsum_0_0_0_8/pair_WY.pair
results/pairs/wts/find_16/rowsum_0_0_0_8/pair_ZX.pair
results/pairs/wts/find_16/rowsum_4_4_4_4/pair_XY.pair
results/pairs/wts/find_16/rowsum_4_4_4_4/pair_ZW.pair
./sortpairs.sh: line 18: 3621193 Killed                  sort -S 1G -T $SLURM_TMPDIR $filename > $filename.sorted
Sorting the files took 200 seconds. 
 

./results/pairs/wts/find_16
Folder rowsum_0_0_0_8 : sequences have order (W, Y, Z, X)
Folder rowsum_4_4_4_4 : sequences have order (Z, W, X, Y)
thread 'main' panicked at src/find/find_write.rs:435:44:
Expected something after ':' !
note: run with `RUST_BACKTRACE=1` environment variable to display a backtrace
Matching the sequences took 106 seconds. 
 

Total execution time was 3297 seconds.
