(1, 1, 1, 5)
(-1, 1, 1, 5)
(1, 3, 3, 3)
(-1, 3, 3, 3)
generated 4 different rowsums
results/pairs/wts/find_7/rowsum_1_1_1_5
The function took: 0.0008608 seconds to generate sequences with rowsums: 5, 1, 1, 1
The function took: 0.0125714 seconds to go through the two sets of pairs

results/pairs/wts/find_7/rowsum_-1_1_1_5
The function took: 0.0011827 seconds to generate sequences with rowsums: 5, 1, 1, -1
The function took: 0.0085534 seconds to go through the two sets of pairs

results/pairs/wts/find_7/rowsum_1_3_3_3
The function took: 0.0009132 seconds to generate sequences with rowsums: 3, 3, 3, 1
The function took: 0.0088672 seconds to go through the two sets of pairs

results/pairs/wts/find_7/rowsum_-1_3_3_3
The function took: 0.0011306 seconds to generate sequences with rowsums: 3, 3, 3, -1
The function took: 0.0070762 seconds to go through the two sets of pairs

Creating the sequences took 0 seconds. 
 

results/pairs/wts/find_7/rowsum_-1_1_1_5/pair_WX.pair
results/pairs/wts/find_7/rowsum_-1_1_1_5/pair_YZ.pair
results/pairs/wts/find_7/rowsum_-1_3_3_3/pair_YX.pair
results/pairs/wts/find_7/rowsum_-1_3_3_3/pair_ZW.pair
results/pairs/wts/find_7/rowsum_1_1_1_5/pair_WX.pair
results/pairs/wts/find_7/rowsum_1_1_1_5/pair_YZ.pair
results/pairs/wts/find_7/rowsum_1_3_3_3/pair_YX.pair
results/pairs/wts/find_7/rowsum_1_3_3_3/pair_ZW.pair
Sorting the files took 0 seconds. 
 

./results/pairs/wts/find_7
Folder rowsum_1_3_3_3 : sequences have order (Z, W, Y, X)
Folder rowsum_1_1_1_5 : sequences have order (W, X, Y, Z)
Folder rowsum_-1_3_3_3 : sequences have order (Z, W, Y, X)
Folder rowsum_-1_1_1_5 : sequences have order (W, X, Y, Z)

count before equivalences 212
The function found a total of 6720 sequences without any equivalences
count after equivalences 2
Matching the sequences took 1 seconds. 
 

Total execution time was 1 seconds.
