(1, 1, 1, 3)
(-1, 1, 1, 3)
generated 2 different rowsums
results/pairs/wts/find_3/rowsum_3_1_1_1
The function took: 0.042875282 seconds to generate sequences with rowsums: 3, 1, 1, 1
The function took: 0.017670752 seconds to go through the two sets of pairs

results/pairs/wts/find_3/rowsum_3_1_1_-1
The function took: 0.052810133 seconds to generate sequences with rowsums: 3, 1, 1, -1
The function took: 0.002384894 seconds to go through the two sets of pairs

Creating the sequences took 1 seconds. 
 

results/pairs/wts/find_3/rowsum_3_1_1_-1/pair_WY.pair
results/pairs/wts/find_3/rowsum_3_1_1_-1/pair_ZX.pair
results/pairs/wts/find_3/rowsum_3_1_1_1/pair_WY.pair
results/pairs/wts/find_3/rowsum_3_1_1_1/pair_ZX.pair
Sorting the files took 0 seconds. 
 

./results/pairs/wts/find_3
Folder rowsum_3_1_1_1 : sequences have order (Z, X, W, Y)
Folder rowsum_3_1_1_-1 : sequences have order (Z, X, W, Y)

count before equivalences 10
The function found a total of 192 sequences without any equivalences
count after equivalences 2
Matching the sequences took 0 seconds. 
 

Total execution time was 1 seconds.
